<?xml version="1.0" encoding="UTF-8"?>
<!-- Generated by org.testng.reporters.JUnitReportReporter -->
<testsuite hostname="LAPTOP-GMS9FBNC" failures="0" tests="2" name="grootanTech.testCases" time="41.980" errors="0" timestamp="2021-02-09T15:09:59 IST" skipped="0">
  <testcase classname="grootanTech.testCases" name="tc2" time="7.107"/>
  <testcase classname="grootanTech.testCases" name="tc1" time="34.873"/>
</testsuite> <!-- grootanTech.testCases -->
