<?xml version="1.0" encoding="UTF-8"?>
<!-- Generated by org.testng.reporters.JUnitReportReporter -->
<testsuite hostname="LAPTOP-GMS9FBNC" failures="0" tests="2" name="grootanTech.testCases" time="28.915" errors="0" timestamp="2021-02-08T22:55:00 IST" skipped="0">
  <testcase classname="grootanTech.testCases" name="tc2" time="2.349"/>
  <testcase classname="grootanTech.testCases" name="tc1" time="26.566"/>
</testsuite> <!-- grootanTech.testCases -->
