<?xml version="1.0" encoding="UTF-8"?>
<!-- Generated by org.testng.reporters.JUnitReportReporter -->
<testsuite skipped="0" hostname="LAPTOP-GMS9FBNC" name="grootanTech.testCases" tests="2" failures="0" timestamp="2021-02-09T15:48:09 IST" time="35.304" errors="0">
  <testcase name="tc1" time="31.234" classname="grootanTech.testCases"/>
  <testcase name="tc2" time="4.070" classname="grootanTech.testCases"/>
</testsuite> <!-- grootanTech.testCases -->
