<?xml version="1.0" encoding="UTF-8"?>
<!-- Generated by org.testng.reporters.JUnitReportReporter -->
<testsuite skipped="0" hostname="LAPTOP-GMS9FBNC" name="grootanTech.testCases" tests="2" failures="0" timestamp="2021-02-09T15:57:52 IST" time="37.814" errors="0">
  <testcase name="tc1" time="32.574" classname="grootanTech.testCases"/>
  <testcase name="tc2" time="5.240" classname="grootanTech.testCases"/>
</testsuite> <!-- grootanTech.testCases -->
